# JRE version: OpenJDK Runtime Environment (8.0_212-b04) (build 1.8.0_212-release-1586-b04)
# Java VM: OpenJDK 64-Bit Server VM (25.212-b04 mixed mode windows-amd64 compressed oops)
Heap:
 PSYoungGen      total 464384K, used 266083K [0x00000000e0000000, 0x00000000ffa80000, 0x0000000100000000)
  eden space 414208K, 61% used [0x00000000e0000000,0x00000000ef985768,0x00000000f9480000)
  from space 50176K, 21% used [0x00000000fc980000,0x00000000fd3d3890,0x00000000ffa80000)
  to   space 52224K, 0% used [0x00000000f9480000,0x00000000f9480000,0x00000000fc780000)
 ParOldGen       total 324608K, used 202687K [0x00000000a0000000, 0x00000000b3d00000, 0x00000000e0000000)
  object space 324608K, 62% used [0x00000000a0000000,0x00000000ac5efee0,0x00000000b3d00000)
 Metaspace       used 111731K, capacity 118537K, committed 122112K, reserved 1155072K
  class space    used 13952K, capacity 15143K, committed 15872K, reserved 1048576K
GC Heap History (10 events):
Event: 6832.170 GC heap before
{Heap before GC invocations=131 (full 11):
 PSYoungGen      total 451584K, used 401873K [0x00000000e0000000, 0x00000000ffd00000, 0x0000000100000000)
  eden space 386048K, 100% used [0x00000000e0000000,0x00000000f7900000,0x00000000f7900000)
  from space 65536K, 24% used [0x00000000f7900000,0x00000000f8874458,0x00000000fb900000)
  to   space 62464K, 0% used [0x00000000fc000000,0x00000000fc000000,0x00000000ffd00000)
 ParOldGen       total 324608K, used 162103K [0x00000000a0000000, 0x00000000b3d00000, 0x00000000e0000000)
  object space 324608K, 49% used [0x00000000a0000000,0x00000000a9e4de80,0x00000000b3d00000)
 Metaspace       used 111724K, capacity 118505K, committed 122112K, reserved 1155072K
  class space    used 13950K, capacity 15111K, committed 15872K, reserved 1048576K
Event: 6832.239 GC heap after
Heap after GC invocations=131 (full 11):
 PSYoungGen      total 454656K, used 11028K [0x00000000e0000000, 0x00000000ff900000, 0x0000000100000000)
  eden space 396288K, 0% used [0x00000000e0000000,0x00000000e0000000,0x00000000f8300000)
  from space 58368K, 18% used [0x00000000fc000000,0x00000000fcac5050,0x00000000ff900000)
  to   space 60416K, 0% used [0x00000000f8300000,0x00000000f8300000,0x00000000fbe00000)
 ParOldGen       total 324608K, used 173097K [0x00000000a0000000, 0x00000000b3d00000, 0x00000000e0000000)
  object space 324608K, 53% used [0x00000000a0000000,0x00000000aa90a7f0,0x00000000b3d00000)
 Metaspace       used 111724K, capacity 118505K, committed 122112K, reserved 1155072K
  class space    used 13950K, capacity 15111K, committed 15872K, reserved 1048576K
}
Event: 6832.578 GC heap before
{Heap before GC invocations=132 (full 11):
 PSYoungGen      total 454656K, used 407316K [0x00000000e0000000, 0x00000000ff900000, 0x0000000100000000)
  eden space 396288K, 100% used [0x00000000e0000000,0x00000000f8300000,0x00000000f8300000)
  from space 58368K, 18% used [0x00000000fc000000,0x00000000fcac5050,0x00000000ff900000)
  to   space 60416K, 0% used [0x00000000f8300000,0x00000000f8300000,0x00000000fbe00000)
 ParOldGen       total 324608K, used 173100K [0x00000000a0000000, 0x00000000b3d00000, 0x00000000e0000000)
  object space 324608K, 53% used [0x00000000a0000000,0x00000000aa90b218,0x00000000b3d00000)
 Metaspace       used 111728K, capacity 118537K, committed 122112K, reserved 1155072K
  class space    used 13951K, capacity 15143K, committed 15872K, reserved 1048576K
Event: 6832.653 GC heap after
Heap after GC invocations=132 (full 11):
 PSYoungGen      total 456704K, used 15994K [0x00000000e0000000, 0x00000000ffb00000, 0x0000000100000000)
  eden space 396288K, 0% used [0x00000000e0000000,0x00000000e0000000,0x00000000f8300000)
  from space 60416K, 26% used [0x00000000f8300000,0x00000000f929e910,0x00000000fbe00000)
  to   space 56832K, 0% used [0x00000000fc380000,0x00000000fc380000,0x00000000ffb00000)
 ParOldGen       total 324608K, used 182231K [0x00000000a0000000, 0x00000000b3d00000, 0x00000000e0000000)
  object space 324608K, 56% used [0x00000000a0000000,0x00000000ab1f5f90,0x00000000b3d00000)
 Metaspace       used 111728K, capacity 118537K, committed 122112K, reserved 1155072K
  class space    used 13951K, capacity 15143K, committed 15872K, reserved 1048576K
}
Event: 6833.102 GC heap before
{Heap before GC invocations=133 (full 11):
 PSYoungGen      total 456704K, used 412282K [0x00000000e0000000, 0x00000000ffb00000, 0x0000000100000000)
  eden space 396288K, 100% used [0x00000000e0000000,0x00000000f8300000,0x00000000f8300000)
  from space 60416K, 26% used [0x00000000f8300000,0x00000000f929e910,0x00000000fbe00000)
  to   space 56832K, 0% used [0x00000000fc380000,0x00000000fc380000,0x00000000ffb00000)
 ParOldGen       total 324608K, used 182235K [0x00000000a0000000, 0x00000000b3d00000, 0x00000000e0000000)
  object space 324608K, 56% used [0x00000000a0000000,0x00000000ab1f6c48,0x00000000b3d00000)
 Metaspace       used 111730K, capacity 118537K, committed 122112K, reserved 1155072K
  class space    used 13951K, capacity 15143K, committed 15872K, reserved 1048576K
Event: 6833.171 GC heap after
Heap after GC invocations=133 (full 11):
 PSYoungGen      total 462336K, used 8992K [0x00000000e0000000, 0x00000000ff980000, 0x0000000100000000)
  eden space 407040K, 0% used [0x00000000e0000000,0x00000000e0000000,0x00000000f8d80000)
  from space 55296K, 16% used [0x00000000fc380000,0x00000000fcc48340,0x00000000ff980000)
  to   space 55296K, 0% used [0x00000000f8d80000,0x00000000f8d80000,0x00000000fc380000)
 ParOldGen       total 324608K, used 193780K [0x00000000a0000000, 0x00000000b3d00000, 0x00000000e0000000)
  object space 324608K, 59% used [0x00000000a0000000,0x00000000abd3d398,0x00000000b3d00000)
 Metaspace       used 111730K, capacity 118537K, committed 122112K, reserved 1155072K
  class space    used 13951K, capacity 15143K, committed 15872K, reserved 1048576K
}
Event: 6833.173 GC heap before
{Heap before GC invocations=134 (full 11):
 PSYoungGen      total 462336K, used 11762K [0x00000000e0000000, 0x00000000ff980000, 0x0000000100000000)
  eden space 407040K, 0% used [0x00000000e0000000,0x00000000e02b46f8,0x00000000f8d80000)
  from space 55296K, 16% used [0x00000000fc380000,0x00000000fcc48340,0x00000000ff980000)
  to   space 55296K, 0% used [0x00000000f8d80000,0x00000000f8d80000,0x00000000fc380000)
 ParOldGen       total 324608K, used 193780K [0x00000000a0000000, 0x00000000b3d00000, 0x00000000e0000000)
  object space 324608K, 59% used [0x00000000a0000000,0x00000000abd3d398,0x00000000b3d00000)
 Metaspace       used 111730K, capacity 118537K, committed 122112K, reserved 1155072K
  class space    used 13951K, capacity 15143K, committed 15872K, reserved 1048576K
Event: 6833.237 GC heap after
Heap after GC invocations=134 (full 11):
 PSYoungGen      total 462336K, used 96K [0x00000000e0000000, 0x00000000fff00000, 0x0000000100000000)
  eden space 407040K, 0% used [0x00000000e0000000,0x00000000e0000000,0x00000000f8d80000)
  from space 55296K, 0% used [0x00000000f8d80000,0x00000000f8d98000,0x00000000fc380000)
  to   space 54784K, 0% used [0x00000000fc980000,0x00000000fc980000,0x00000000fff00000)
 ParOldGen       total 324608K, used 202671K [0x00000000a0000000, 0x00000000b3d00000, 0x00000000e0000000)
  object space 324608K, 62% used [0x00000000a0000000,0x00000000ac5ebee0,0x00000000b3d00000)
 Metaspace       used 111730K, capacity 118537K, committed 122112K, reserved 1155072K
  class space    used 13951K, capacity 15143K, committed 15872K, reserved 1048576K
}
Event: 6833.787 GC heap before
{Heap before GC invocations=135 (full 11):
 PSYoungGen      total 462336K, used 407136K [0x00000000e0000000, 0x00000000fff00000, 0x0000000100000000)
  eden space 407040K, 100% used [0x00000000e0000000,0x00000000f8d80000,0x00000000f8d80000)
  from space 55296K, 0% used [0x00000000f8d80000,0x00000000f8d98000,0x00000000fc380000)
  to   space 54784K, 0% used [0x00000000fc980000,0x00000000fc980000,0x00000000fff00000)
 ParOldGen       total 324608K, used 202671K [0x00000000a0000000, 0x00000000b3d00000, 0x00000000e0000000)
  object space 324608K, 62% used [0x00000000a0000000,0x00000000ac5ebee0,0x00000000b3d00000)
 Metaspace       used 111731K, capacity 118537K, committed 122112K, reserved 1155072K
  class space    used 13952K, capacity 15143K, committed 15872K, reserved 1048576K
Event: 6833.821 GC heap after
Heap after GC invocations=135 (full 11):
 PSYoungGen      total 464384K, used 10574K [0x00000000e0000000, 0x00000000ffa80000, 0x0000000100000000)
  eden space 414208K, 0% used [0x00000000e0000000,0x00000000e0000000,0x00000000f9480000)
  from space 50176K, 21% used [0x00000000fc980000,0x00000000fd3d3890,0x00000000ffa80000)
  to   space 52224K, 0% used [0x00000000f9480000,0x00000000f9480000,0x00000000fc780000)
 ParOldGen       total 324608K, used 202687K [0x00000000a0000000, 0x00000000b3d00000, 0x00000000e0000000)
  object space 324608K, 62% used [0x00000000a0000000,0x00000000ac5efee0,0x00000000b3d00000)
 Metaspace       used 111731K, capacity 118537K, committed 122112K, reserved 1155072K
  class space    used 13952K, capacity 15143K, committed 15872K, reserved 1048576K
}

